0 info it worked if it ends with ok
1 verbose cli [ '/Users/chasecourington/.nvm/versions/v0.12.0/bin/node',
1 verbose cli   '/Users/chasecourington/.nvm/versions/v0.12.0/bin/npm',
1 verbose cli   'start' ]
2 info using npm@2.5.1
3 info using node@v0.12.0
4 verbose run-script [ 'prestart', 'start', 'poststart' ]
5 info prestart intro-to-mongoose@0.0.0
6 info start intro-to-mongoose@0.0.0
7 verbose unsafe-perm in lifecycle true
8 info intro-to-mongoose@0.0.0 Failed to exec start script
9 verbose stack Error: intro-to-mongoose@0.0.0 start: `node ./bin/www`
9 verbose stack Exit status 1
9 verbose stack     at EventEmitter.<anonymous> (/Users/chasecourington/.nvm/versions/v0.12.0/lib/node_modules/npm/lib/utils/lifecycle.js:213:16)
9 verbose stack     at EventEmitter.emit (events.js:110:17)
9 verbose stack     at ChildProcess.<anonymous> (/Users/chasecourington/.nvm/versions/v0.12.0/lib/node_modules/npm/lib/utils/spawn.js:14:12)
9 verbose stack     at ChildProcess.emit (events.js:110:17)
9 verbose stack     at maybeClose (child_process.js:1008:16)
9 verbose stack     at Process.ChildProcess._handle.onexit (child_process.js:1080:5)
10 verbose pkgid intro-to-mongoose@0.0.0
11 verbose cwd /Users/chasecourington/Development/pluralsight/intro-to-mongoose
12 error Darwin 14.3.0
13 error argv "/Users/chasecourington/.nvm/versions/v0.12.0/bin/node" "/Users/chasecourington/.nvm/versions/v0.12.0/bin/npm" "start"
14 error node v0.12.0
15 error npm  v2.5.1
16 error code ELIFECYCLE
17 error intro-to-mongoose@0.0.0 start: `node ./bin/www`
17 error Exit status 1
18 error Failed at the intro-to-mongoose@0.0.0 start script 'node ./bin/www'.
18 error This is most likely a problem with the intro-to-mongoose package,
18 error not with npm itself.
18 error Tell the author that this fails on your system:
18 error     node ./bin/www
18 error You can get their info via:
18 error     npm owner ls intro-to-mongoose
18 error There is likely additional logging output above.
19 verbose exit [ 1, true ]
